<?xml version="1.0" encoding="UTF-8"?>
<!-- Generated by org.testng.reporters.JUnitReportReporter -->
<testsuite skipped="0" hostname="DESKTOP-SHC8QCF" name="bdd.JiraJsonFramework.JiraScratchNG" tests="4" failures="0" timestamp="2020-05-23T10:55:00 PDT" time="3.400" errors="0">
  <testcase name="loginJira" time="1.904" classname="bdd.JiraJsonFramework.JiraScratchNG"/>
  <system-out/>
  <testcase name="createIssue" time="1.041" classname="bdd.JiraJsonFramework.JiraScratchNG"/>
  <system-out/>
  <testcase name="AddComment" time="0.375" classname="bdd.JiraJsonFramework.JiraScratchNG"/>
  <system-out/>
  <testcase name="GetComment" time="0.080" classname="bdd.JiraJsonFramework.JiraScratchNG"/>
  <system-out/>
</testsuite> <!-- bdd.JiraJsonFramework.JiraScratchNG -->
