<?xml version="1.0" encoding="UTF-8"?>
<!-- Generated by org.testng.reporters.JUnitReportReporter -->
<testsuite skipped="0" hostname="DESKTOP-SHC8QCF" name="bdd.JiraJsonFramework.JiraScratchNG" tests="3" failures="0" timestamp="2020-05-23T09:51:46 PDT" time="7.752" errors="0">
  <testcase name="loginJira" time="1.762" classname="bdd.JiraJsonFramework.JiraScratchNG"/>
  <system-out/>
  <testcase name="createIssue" time="5.924" classname="bdd.JiraJsonFramework.JiraScratchNG"/>
  <system-out/>
  <testcase name="AddComment" time="0.066" classname="bdd.JiraJsonFramework.JiraScratchNG"/>
  <system-out/>
</testsuite> <!-- bdd.JiraJsonFramework.JiraScratchNG -->
