<?xml version="1.0" encoding="UTF-8"?>
<!-- Generated by org.testng.reporters.JUnitReportReporter -->
<testsuite skipped="0" hostname="DESKTOP-SHC8QCF" name="bdd.JiraJsonFramework.JiraScratchNG" tests="5" failures="0" timestamp="2020-05-23T11:47:32 PDT" time="2.756" errors="0">
  <testcase name="loginJira" time="1.764" classname="bdd.JiraJsonFramework.JiraScratchNG"/>
  <system-out/>
  <testcase name="createIssue" time="0.762" classname="bdd.JiraJsonFramework.JiraScratchNG"/>
  <system-out/>
  <testcase name="AddComment" time="0.079" classname="bdd.JiraJsonFramework.JiraScratchNG"/>
  <system-out/>
  <testcase name="GetComment" time="0.086" classname="bdd.JiraJsonFramework.JiraScratchNG"/>
  <system-out/>
  <testcase name="DeleteComment" time="0.065" classname="bdd.JiraJsonFramework.JiraScratchNG"/>
  <system-out/>
</testsuite> <!-- bdd.JiraJsonFramework.JiraScratchNG -->
